  03.game_control.cpp
C:\Program Files\Microsoft Visual Studio\2022\Community\VC\Auxiliary\VS\include\graphics.h(1,1): warning C4828: 文件包含在偏移 0x19d3 处开始的字符，该字符在当前源字符集中无效(代码页 936)。
D:\水作业集合\2021329621261_何晓凡_课程设计项目文件夹\迷宫项目\head.h(25,1): warning C4005: “max”: 宏重定义
C:\Program Files (x86)\Windows Kits\10\Include\10.0.19041.0\shared\minwindef.h(193): message : 参见“max”的前一个定义
  02.main.cpp
C:\Program Files\Microsoft Visual Studio\2022\Community\VC\Auxiliary\VS\include\graphics.h(1,1): warning C4828: 文件包含在偏移 0x19d3 处开始的字符，该字符在当前源字符集中无效(代码页 936)。
D:\水作业集合\2021329621261_何晓凡_课程设计项目文件夹\迷宫项目\head.h(25,1): warning C4005: “max”: 宏重定义
C:\Program Files (x86)\Windows Kits\10\Include\10.0.19041.0\shared\minwindef.h(193): message : 参见“max”的前一个定义
  04.draw_graph.cpp
C:\Program Files\Microsoft Visual Studio\2022\Community\VC\Auxiliary\VS\include\graphics.h(1,1): warning C4828: 文件包含在偏移 0x19d3 处开始的字符，该字符在当前源字符集中无效(代码页 936)。
D:\水作业集合\2021329621261_何晓凡_课程设计项目文件夹\迷宫项目\head.h(25,1): warning C4005: “max”: 宏重定义
C:\Program Files (x86)\Windows Kits\10\Include\10.0.19041.0\shared\minwindef.h(193): message : 参见“max”的前一个定义
D:\水作业集合\2021329621261_何晓凡_课程设计项目文件夹\迷宫项目\04.draw_graph.cpp(396,10): warning C4102: “defalut”: 未引用的标签
  05.DFSmaze.cpp
C:\Program Files\Microsoft Visual Studio\2022\Community\VC\Auxiliary\VS\include\graphics.h(1,1): warning C4828: 文件包含在偏移 0x19d3 处开始的字符，该字符在当前源字符集中无效(代码页 936)。
D:\水作业集合\2021329621261_何晓凡_课程设计项目文件夹\迷宫项目\head.h(25,1): warning C4005: “max”: 宏重定义
C:\Program Files (x86)\Windows Kits\10\Include\10.0.19041.0\shared\minwindef.h(193): message : 参见“max”的前一个定义
  01.global_variable.cpp
C:\Program Files\Microsoft Visual Studio\2022\Community\VC\Auxiliary\VS\include\graphics.h(1,1): warning C4828: 文件包含在偏移 0x19d3 处开始的字符，该字符在当前源字符集中无效(代码页 936)。
D:\水作业集合\2021329621261_何晓凡_课程设计项目文件夹\迷宫项目\head.h(25,1): warning C4005: “max”: 宏重定义
C:\Program Files (x86)\Windows Kits\10\Include\10.0.19041.0\shared\minwindef.h(193): message : 参见“max”的前一个定义
  06.queue_find.cpp
C:\Program Files\Microsoft Visual Studio\2022\Community\VC\Auxiliary\VS\include\graphics.h(1,1): warning C4828: 文件包含在偏移 0x19d3 处开始的字符，该字符在当前源字符集中无效(代码页 936)。
D:\水作业集合\2021329621261_何晓凡_课程设计项目文件夹\迷宫项目\head.h(25,1): warning C4005: “max”: 宏重定义
C:\Program Files (x86)\Windows Kits\10\Include\10.0.19041.0\shared\minwindef.h(193): message : 参见“max”的前一个定义
  07.custom_maze.cpp
C:\Program Files\Microsoft Visual Studio\2022\Community\VC\Auxiliary\VS\include\graphics.h(1,1): warning C4828: 文件包含在偏移 0x19d3 处开始的字符，该字符在当前源字符集中无效(代码页 936)。
D:\水作业集合\2021329621261_何晓凡_课程设计项目文件夹\迷宫项目\head.h(25,1): warning C4005: “max”: 宏重定义
C:\Program Files (x86)\Windows Kits\10\Include\10.0.19041.0\shared\minwindef.h(193): message : 参见“max”的前一个定义
  正在生成代码...
LINK : warning LNK4075: 忽略“/INCREMENTAL”(由于“/PROFILE”规范)
03.game_control.obj : warning LNK4075: 忽略“/EDITANDCONTINUE”(由于“/OPT:REF”规范)
  迷宫.vcxproj -> D:\水作业集合\2021329621261_何晓凡_课程设计项目文件夹\迷宫项目\x64\Debug\迷宫.exe
